#
# There is insufficient memory for the Java Runtime Environment to continue.
# Native memory allocation (malloc) failed to allocate 338416 bytes for Chunk::new
# Possible reasons:
#   The system is out of physical RAM or swap space
#   In 32 bit mode, the process size limit was hit
# Possible solutions:
#   Reduce memory load on the system
#   Increase physical memory or swap space
#   Check if swap backing store is full
#   Use 64 bit Java on a 64 bit OS
#   Decrease Java heap size (-Xmx/-Xms)
#   Decrease number of Java threads
#   Decrease Java thread stack sizes (-Xss)
#   Set larger code cache with -XX:ReservedCodeCacheSize=
# This output file may be truncated or incomplete.
#
#  Out of Memory Error (allocation.cpp:390), pid=19652, tid=0x000000000000a730
#
# JRE version: Java(TM) SE Runtime Environment (8.0_172-b11) (build 1.8.0_172-b11)
# Java VM: Java HotSpot(TM) 64-Bit Server VM (25.172-b11 mixed mode windows-amd64 compressed oops)
# Failed to write core dump. Minidumps are not enabled by default on client versions of Windows
#

---------------  T H R E A D  ---------------

Current thread (0x000000001e1ba000):  JavaThread "C2 CompilerThread2" daemon [_thread_in_native, id=42800, stack(0x000000001ea80000,0x000000001eb80000)]

Stack: [0x000000001ea80000,0x000000001eb80000]
[error occurred during error reporting (printing stack bounds), id 0xc0000005]

Native frames: (J=compiled Java code, j=interpreted, Vv=VM code, C=native code)


Current CompileTask:
C2:   1802 1570       4       org.codehaus.plexus.util.xml.pull.MXParser::parseStartTag (1195 bytes)


---------------  P R O C E S S  ---------------

Java Threads: ( => current thread )
  0x000000001e23c000 JavaThread "Service Thread" daemon [_thread_blocked, id=60760, stack(0x000000001ec80000,0x000000001ed80000)]
  0x000000001e1bd800 JavaThread "C1 CompilerThread3" daemon [_thread_blocked, id=11580, stack(0x000000001eb80000,0x000000001ec80000)]
=>0x000000001e1ba000 JavaThread "C2 CompilerThread2" daemon [_thread_in_native, id=42800, stack(0x000000001ea80000,0x000000001eb80000)]
  0x000000001e1b2800 JavaThread "C2 CompilerThread1" daemon [_thread_in_native, id=58008, stack(0x000000001e980000,0x000000001ea80000)]
  0x000000001e1af800 JavaThread "C2 CompilerThread0" daemon [_thread_in_native, id=39800, stack(0x000000001e880000,0x000000001e980000)]
  0x000000001e1ae000 JavaThread "Attach Listener" daemon [_thread_blocked, id=21968, stack(0x000000001e780000,0x000000001e880000)]
  0x000000001e15a800 JavaThread "Signal Dispatcher" daemon [_thread_blocked, id=59676, stack(0x000000001e680000,0x000000001e780000)]
  0x0000000002869000 JavaThread "Finalizer" daemon [_thread_blocked, id=2184, stack(0x000000001e520000,0x000000001e620000)]
  0x000000001c24d800 JavaThread "Reference Handler" daemon [_thread_blocked, id=28652, stack(0x000000001e020000,0x000000001e120000)]
  0x0000000002772800 JavaThread "main" [_thread_in_native, id=56204, stack(0x0000000002610000,0x0000000002710000)]

Other Threads:
  0x000000001c249800 VMThread [stack: 0x000000001df20000,0x000000001e020000] [id=7744]
  0x000000001e268800 WatcherThread [stack: 0x000000001ed80000,0x000000001ee80000] [id=43724]

VM state:not at safepoint (normal execution)

VM Mutex/Monitor currently owned by a thread: None

Heap:
 PSYoungGen      total 75776K, used 39671K [0x000000076b900000, 0x0000000770d80000, 0x00000007c0000000)
  eden space 65024K, 44% used [0x000000076b900000,0x000000076d553268,0x000000076f880000)
  from space 10752K, 99% used [0x000000076f880000,0x00000007702eaa40,0x0000000770300000)
  to   space 10752K, 0% used [0x0000000770300000,0x0000000770300000,0x0000000770d80000)
 ParOldGen       total 173568K, used 16K [0x00000006c2a00000, 0x00000006cd380000, 0x000000076b900000)
  object space 173568K, 0% used [0x00000006c2a00000,0x00000006c2a04000,0x00000006cd380000)
 Metaspace       used 14505K, capacity 14734K, committed 14976K, reserved 1062912K
  class space    used 1781K, capacity 1847K, committed 1920K, reserved 1048576K

Card table byte_map: [0x0000000011c30000,0x0000000012420000] byte_map_base: 0x000000000e61b000

Marking Bits: (ParMarkBitMap*) 0x00000000546d3c10
 Begin Bits: [0x0000000013170000, 0x00000000170c8000)
 End Bits:   [0x00000000170c8000, 0x000000001b020000)

Polling page: 0x0000000000970000

CodeCache: size=245760Kb used=6088Kb max_used=6088Kb free=239671Kb
 bounds [0x0000000002870000, 0x0000000002e70000, 0x0000000011870000]
 total_blobs=2159 nmethods=1821 adapters=250
 compilation: enabled

Compilation events (10 events):
Event: 1.717 Thread 0x000000001e1bd800 nmethod 1747 0x0000000002e22ad0 code [0x0000000002e22c40, 0x0000000002e22e28]
Event: 1.718 Thread 0x000000001e1bd800 1748       3       java.util.Collections::unmodifiableMap (9 bytes)
Event: 1.718 Thread 0x000000001e1bd800 nmethod 1748 0x0000000002e22ed0 code [0x0000000002e23060, 0x0000000002e233c8]
Event: 1.718 Thread 0x000000001e1bd800 1749       3       java.util.Collections$UnmodifiableMap::<init> (22 bytes)
Event: 1.718 Thread 0x000000001e1bd800 nmethod 1749 0x0000000002e23550 code [0x0000000002e236c0, 0x0000000002e23988]
Event: 1.725 Thread 0x000000001e1bd800 1750       3       org.apache.maven.model.inheritance.DefaultInheritanceAssembler$InheritanceModelMerger::mergePlugin (71 bytes)
Event: 1.726 Thread 0x000000001e1bd800 nmethod 1750 0x0000000002e23a90 code [0x0000000002e23c80, 0x0000000002e24868]
Event: 1.726 Thread 0x000000001e1bd800 1751       3       org.apache.maven.model.merge.MavenModelMerger::mergePlugin_Executions (235 bytes)
Event: 1.728 Thread 0x000000001e1bd800 nmethod 1751 0x0000000002e24bd0 code [0x0000000002e25020, 0x0000000002e27be8]
Event: 1.728 Thread 0x000000001e1bd800 1754   !   3       org.codehaus.plexus.interpolation.StringSearchInterpolator::interpolate (655 bytes)

GC Heap History (2 events):
Event: 1.231 GC heap before
{Heap before GC invocations=1 (full 0):
 PSYoungGen      total 75776K, used 65024K [0x000000076b900000, 0x0000000770d80000, 0x00000007c0000000)
  eden space 65024K, 100% used [0x000000076b900000,0x000000076f880000,0x000000076f880000)
  from space 10752K, 0% used [0x0000000770300000,0x0000000770300000,0x0000000770d80000)
  to   space 10752K, 0% used [0x000000076f880000,0x000000076f880000,0x0000000770300000)
 ParOldGen       total 173568K, used 0K [0x00000006c2a00000, 0x00000006cd380000, 0x000000076b900000)
  object space 173568K, 0% used [0x00000006c2a00000,0x00000006c2a00000,0x00000006cd380000)
 Metaspace       used 11914K, capacity 12122K, committed 12416K, reserved 1060864K
  class space    used 1512K, capacity 1609K, committed 1664K, reserved 1048576K
Event: 1.241 GC heap after
Heap after GC invocations=1 (full 0):
 PSYoungGen      total 75776K, used 10666K [0x000000076b900000, 0x0000000770d80000, 0x00000007c0000000)
  eden space 65024K, 0% used [0x000000076b900000,0x000000076b900000,0x000000076f880000)
  from space 10752K, 99% used [0x000000076f880000,0x00000007702eaa40,0x0000000770300000)
  to   space 10752K, 0% used [0x0000000770300000,0x0000000770300000,0x0000000770d80000)
 ParOldGen       total 173568K, used 16K [0x00000006c2a00000, 0x00000006cd380000, 0x000000076b900000)
  object space 173568K, 0% used [0x00000006c2a00000,0x00000006c2a04000,0x00000006cd380000)
 Metaspace       used 11914K, capacity 12122K, committed 12416K, reserved 1060864K
  class space    used 1512K, capacity 1609K, committed 1664K, reserved 1048576K
}

Deoptimization events (10 events):
Event: 0.859 Thread 0x0000000002772800 Uncommon trap: reason=unstable_if action=reinterpret pc=0x0000000002ac0e44 method=java.util.HashMap.getNode(ILjava/lang/Object;)Ljava/util/HashMap$Node; @ 129
Event: 1.201 Thread 0x0000000002772800 Uncommon trap: reason=bimorphic action=maybe_recompile pc=0x0000000002bbcd68 method=java.util.HashMap.putVal(ILjava/lang/Object;Ljava/lang/Object;ZZ)Ljava/lang/Object; @ 203
Event: 1.201 Thread 0x0000000002772800 Uncommon trap: reason=bimorphic action=maybe_recompile pc=0x0000000002bbcd68 method=java.util.HashMap.putVal(ILjava/lang/Object;Ljava/lang/Object;ZZ)Ljava/lang/Object; @ 203
Event: 1.272 Thread 0x0000000002772800 Uncommon trap: reason=bimorphic action=maybe_recompile pc=0x0000000002bbcd68 method=java.util.HashMap.putVal(ILjava/lang/Object;Ljava/lang/Object;ZZ)Ljava/lang/Object; @ 203
Event: 1.272 Thread 0x0000000002772800 Uncommon trap: reason=bimorphic action=maybe_recompile pc=0x0000000002bbcd68 method=java.util.HashMap.putVal(ILjava/lang/Object;Ljava/lang/Object;ZZ)Ljava/lang/Object; @ 203
Event: 1.272 Thread 0x0000000002772800 Uncommon trap: reason=bimorphic action=maybe_recompile pc=0x0000000002bb918c method=java.util.HashMap.putVal(ILjava/lang/Object;Ljava/lang/Object;ZZ)Ljava/lang/Object; @ 203
Event: 1.441 Thread 0x0000000002772800 Uncommon trap: reason=unstable_if action=reinterpret pc=0x0000000002ae4244 method=sun.nio.cs.UTF_8$Decoder.decode([BII[C)I @ 30
Event: 1.446 Thread 0x0000000002772800 Uncommon trap: reason=unstable_if action=reinterpret pc=0x0000000002ae7234 method=sun.nio.cs.UTF_8$Decoder.decodeArrayLoop(Ljava/nio/ByteBuffer;Ljava/nio/CharBuffer;)Ljava/nio/charset/CoderResult; @ 84
Event: 1.457 Thread 0x0000000002772800 Uncommon trap: reason=unstable_if action=reinterpret pc=0x0000000002a3ca48 method=java.lang.String.replace(CC)Ljava/lang/String; @ 2
Event: 1.519 Thread 0x0000000002772800 Uncommon trap: reason=unstable_if action=reinterpret pc=0x00000000029f99f4 method=java.lang.String.startsWith(Ljava/lang/String;I)Z @ 25

Classes redefined (0 events):
No events

Internal exceptions (10 events):
Event: 0.773 Thread 0x0000000002772800 Exception <a 'java/lang/ArrayIndexOutOfBoundsException': 131> (0x000000076d7b8af8) thrown at [C:\re\workspace\8-2-build-windows-amd64-cygwin\jdk8u172\10810\hotspot\src\share\vm\interpreter\interpreterRuntime.cpp, line 366]
Event: 1.265 Thread 0x0000000002772800 Exception <a 'java/lang/NoClassDefFoundError': com/google/inject/servlet/ServletModuleTargetVisitor> (0x000000076bb26c48) thrown at [C:\re\workspace\8-2-build-windows-amd64-cygwin\jdk8u172\10810\hotspot\src\share\vm\classfile\systemDictionary.cpp, line 19
Event: 1.265 Thread 0x0000000002772800 Exception <a 'java/lang/NoClassDefFoundError'> (0x000000076bb26c48) thrown at [C:\re\workspace\8-2-build-windows-amd64-cygwin\jdk8u172\10810\hotspot\src\share\vm\prims\jvm.cpp, line 1439]
Event: 1.265 Thread 0x0000000002772800 Exception <a 'java/lang/NoClassDefFoundError': javax/annotation/Priority> (0x000000076bb2b398) thrown at [C:\re\workspace\8-2-build-windows-amd64-cygwin\jdk8u172\10810\hotspot\src\share\vm\classfile\systemDictionary.cpp, line 199]
Event: 1.425 Thread 0x0000000002772800 Exception <a 'java/lang/NullPointerException'> (0x000000076c0f33a0) thrown at [C:\re\workspace\8-2-build-windows-amd64-cygwin\jdk8u172\10810\hotspot\src\share\vm\interpreter\linkResolver.cpp, line 1185]
Event: 1.425 Thread 0x0000000002772800 Exception <a 'java/lang/NullPointerException'> (0x000000076c0f35b8) thrown at [C:\re\workspace\8-2-build-windows-amd64-cygwin\jdk8u172\10810\hotspot\src\share\vm\interpreter\linkResolver.cpp, line 1185]
Event: 1.425 Thread 0x0000000002772800 Exception <a 'java/lang/NullPointerException'> (0x000000076c0f37d0) thrown at [C:\re\workspace\8-2-build-windows-amd64-cygwin\jdk8u172\10810\hotspot\src\share\vm\interpreter\linkResolver.cpp, line 1185]
Event: 1.426 Thread 0x0000000002772800 Exception <a 'java/lang/NullPointerException'> (0x000000076c103910) thrown at [C:\re\workspace\8-2-build-windows-amd64-cygwin\jdk8u172\10810\hotspot\src\share\vm\interpreter\linkResolver.cpp, line 1185]
Event: 1.426 Thread 0x0000000002772800 Exception <a 'java/lang/NullPointerException'> (0x000000076c103b28) thrown at [C:\re\workspace\8-2-build-windows-amd64-cygwin\jdk8u172\10810\hotspot\src\share\vm\interpreter\linkResolver.cpp, line 1185]
Event: 1.426 Thread 0x0000000002772800 Exception <a 'java/lang/NullPointerException'> (0x000000076c103d40) thrown at [C:\re\workspace\8-2-build-windows-amd64-cygwin\jdk8u172\10810\hotspot\src\share\vm\interpreter\linkResolver.cpp, line 1185]

Events (10 events):
Event: 1.664 Thread 0x0000000002772800 DEOPT PACKING pc=0x0000000002d72373 sp=0x000000000270d550
Event: 1.664 Thread 0x0000000002772800 DEOPT UNPACKING pc=0x00000000028b7890 sp=0x000000000270d350 mode 0
Event: 1.664 Thread 0x0000000002772800 DEOPT PACKING pc=0x0000000002d72373 sp=0x000000000270d420
Event: 1.664 Thread 0x0000000002772800 DEOPT UNPACKING pc=0x00000000028b7890 sp=0x000000000270d220 mode 0
Event: 1.669 Thread 0x0000000002772800 DEOPT PACKING pc=0x0000000002d8140a sp=0x000000000270d5d0
Event: 1.669 Thread 0x0000000002772800 DEOPT UNPACKING pc=0x00000000028b7890 sp=0x000000000270d450 mode 0
Event: 1.692 Thread 0x0000000002772800 DEOPT PACKING pc=0x0000000002d8140a sp=0x000000000270d730
Event: 1.692 Thread 0x0000000002772800 DEOPT UNPACKING pc=0x00000000028b7890 sp=0x000000000270d5b0 mode 0
Event: 1.723 Thread 0x0000000002772800 DEOPT PACKING pc=0x0000000002d8140a sp=0x000000000270d730
Event: 1.723 Thread 0x0000000002772800 DEOPT UNPACKING pc=0x00000000028b7890 sp=0x000000000270d5b0 mode 0


Dynamic libraries:
0x00007ff6ce390000 - 0x00007ff6ce3c7000 	E:\Program Files\Java\jdk1.8.0_172\bin\javaw.exe
0x00007ffde2c00000 - 0x00007ffde2de1000 	C:\WINDOWS\SYSTEM32\ntdll.dll
0x00007ffde0100000 - 0x00007ffde01b2000 	C:\WINDOWS\System32\KERNEL32.DLL
0x00007ffddf880000 - 0x00007ffddfaf3000 	C:\WINDOWS\System32\KERNELBASE.dll
0x00007ffde01c0000 - 0x00007ffde0261000 	C:\WINDOWS\System32\ADVAPI32.dll
0x00007ffde0e30000 - 0x00007ffde0ece000 	C:\WINDOWS\System32\msvcrt.dll
0x00007ffde2400000 - 0x00007ffde245b000 	C:\WINDOWS\System32\sechost.dll
0x00007ffde2460000 - 0x00007ffde2584000 	C:\WINDOWS\System32\RPCRT4.dll
0x00007ffde08a0000 - 0x00007ffde0a30000 	C:\WINDOWS\System32\USER32.dll
0x00007ffddfb00000 - 0x00007ffddfb20000 	C:\WINDOWS\System32\win32u.dll
0x00007ffde0c10000 - 0x00007ffde0c38000 	C:\WINDOWS\System32\GDI32.dll
0x00007ffddfef0000 - 0x00007ffde0082000 	C:\WINDOWS\System32\gdi32full.dll
0x00007ffddefd0000 - 0x00007ffddf06f000 	C:\WINDOWS\System32\msvcp_win.dll
0x00007ffddf780000 - 0x00007ffddf87a000 	C:\WINDOWS\System32\ucrtbase.dll
0x00007ffdc7780000 - 0x00007ffdc79e9000 	C:\WINDOWS\WinSxS\amd64_microsoft.windows.common-controls_6595b64144ccf1df_6.0.17134.590_none_fb3d9bff3069e088\COMCTL32.dll
0x00007ffde27f0000 - 0x00007ffde2b12000 	C:\WINDOWS\System32\combase.dll
0x00007ffddfd70000 - 0x00007ffddfdea000 	C:\WINDOWS\System32\bcryptPrimitives.dll
0x00007ffde27c0000 - 0x00007ffde27ed000 	C:\WINDOWS\System32\IMM32.DLL
0x0000000054760000 - 0x0000000054832000 	E:\Program Files\Java\jdk1.8.0_172\jre\bin\msvcr100.dll
0x0000000053eb0000 - 0x0000000054753000 	E:\Program Files\Java\jdk1.8.0_172\jre\bin\server\jvm.dll
0x00007ffde06d0000 - 0x00007ffde06d8000 	C:\WINDOWS\System32\PSAPI.DLL
0x00007ffdcadf0000 - 0x00007ffdcadf9000 	C:\WINDOWS\SYSTEM32\WSOCK32.dll
0x00007ffdcb2d0000 - 0x00007ffdcb2da000 	C:\WINDOWS\SYSTEM32\VERSION.dll
0x00007ffddcad0000 - 0x00007ffddcaf3000 	C:\WINDOWS\SYSTEM32\WINMM.dll
0x00007ffde0cc0000 - 0x00007ffde0d2c000 	C:\WINDOWS\System32\WS2_32.dll
0x00007ffddc9c0000 - 0x00007ffddc9ea000 	C:\WINDOWS\SYSTEM32\winmmbase.dll
0x00007ffddfdf0000 - 0x00007ffddfe39000 	C:\WINDOWS\System32\cfgmgr32.dll
0x00000000555e0000 - 0x00000000555ef000 	E:\Program Files\Java\jdk1.8.0_172\jre\bin\verify.dll
0x00000000555b0000 - 0x00000000555d9000 	E:\Program Files\Java\jdk1.8.0_172\jre\bin\java.dll
0x0000000055590000 - 0x00000000555a6000 	E:\Program Files\Java\jdk1.8.0_172\jre\bin\zip.dll
0x00007ffde0fc0000 - 0x00007ffde2400000 	C:\WINDOWS\System32\SHELL32.dll
0x00007ffde2b20000 - 0x00007ffde2bc9000 	C:\WINDOWS\System32\shcore.dll
0x00007ffddf070000 - 0x00007ffddf77d000 	C:\WINDOWS\System32\windows.storage.dll
0x00007ffde0d30000 - 0x00007ffde0d81000 	C:\WINDOWS\System32\shlwapi.dll
0x00007ffddef10000 - 0x00007ffddef21000 	C:\WINDOWS\System32\kernel.appcore.dll
0x00007ffddef30000 - 0x00007ffddef4f000 	C:\WINDOWS\System32\profapi.dll
0x00007ffddef80000 - 0x00007ffddefcc000 	C:\WINDOWS\System32\powrprof.dll
0x00007ffddef50000 - 0x00007ffddef5a000 	C:\WINDOWS\System32\FLTLIB.DLL
0x0000000053e90000 - 0x0000000053eaa000 	E:\Program Files\Java\jdk1.8.0_172\jre\bin\net.dll
0x00007ffdde3d0000 - 0x00007ffdde436000 	C:\WINDOWS\system32\mswsock.dll
0x0000000053e70000 - 0x0000000053e81000 	E:\Program Files\Java\jdk1.8.0_172\jre\bin\nio.dll

VM Arguments:
jvm_args: -Dmaven.home=E:\Program Files\Maven\apache-maven-3.3.3 -Dclassworlds.conf=E:\a\MyFilesNoCh\JAVA\eclipse_Mars2_cek\.metadata\.plugins\org.eclipse.m2e.launching\launches\m2conf9104903787559090357.tmp -Dmaven.multiModuleProjectDirectory=E:\Program Files\TeamProgramTools\Git\Repositories\AnimalBracelet\AnimalBracelet\BackData -Dfile.encoding=GBK 
java_command: org.codehaus.plexus.classworlds.launcher.Launcher -B -s E:\Program Files\Maven\apache-maven-3.3.3\conf\settings.xml tomcat7:redeploy
java_class_path (initial): E:\Program Files\Maven\apache-maven-3.3.3\boot\plexus-classworlds-2.5.2.jar
Launcher Type: SUN_STANDARD

Environment Variables:
JAVA_HOME=E:\Program Files\Java\jdk1.8.0_172
PATH=C:\Windows\system32;C:\Windows;C:\Windows\System32\Wbem;C:\Windows\System32\WindowsPowerShell\v1.0\;C:\Program Files (x86)\NVIDIA Corporation\PhysX\Common;C:\Program Files\Intel\WiFi\bin\;C:\Program Files\Common Files\Intel\WirelessCommon\;C:\Program Files (x86)\Windows Kits\8.1\Windows Performance Toolkit\;C:\Program Files\Microsoft SQL Server\110\Tools\Binn\;C:\WINDOWS\system32;C:\WINDOWS;C:\WINDOWS\System32\Wbem;C:\WINDOWS\System32\WindowsPowerShell\v1.0\;C:\Program Files (x86)\Microsoft SQL Server\Client SDK\ODBC\130\Tools\Binn\;C:\Program Files (x86)\Microsoft SQL Server\140\Tools\Binn\;C:\Program Files (x86)\Microsoft SQL Server\140\DTS\Binn\;C:\Program Files (x86)\Microsoft SQL Server\140\Tools\Binn\ManagementStudio\;E:\Program Files\Java\jdk1.8.0_172\bin;C:\WINDOWS\System32\OpenSSH\;E:\Program Files\nodejs\;C:\Users\a\AppData\Local\Microsoft\WindowsApps;C:\Users\a\AppData\Roaming\npm;E:\ProgramFiles\MySQL\MySQL Server 5.5\bin
USERNAME=a
OS=Windows_NT
PROCESSOR_IDENTIFIER=Intel64 Family 6 Model 94 Stepping 3, GenuineIntel



---------------  S Y S T E M  ---------------

OS: Windows 10.0 , 64 bit Build 17134 (10.0.17134.556)

CPU:total 8 (initial active 8) (4 cores per cpu, 2 threads per core) family 6 model 94 stepping 3, cmov, cx8, fxsr, mmx, sse, sse2, sse3, ssse3, sse4.1, sse4.2, popcnt, avx, avx2, aes, clmul, erms, rtm, 3dnowpref, lzcnt, ht, tsc, tscinvbit, bmi1, bmi2, adx

Memory: 4k page, physical 16600868k(3034792k free), swap 25986932k(2204k free)

vm_info: Java HotSpot(TM) 64-Bit Server VM (25.172-b11) for windows-amd64 JRE (1.8.0_172-b11), built on Mar 28 2018 21:21:52 by "java_re" with MS VC++ 10.0 (VS2010)

time: Tue Mar 05 20:47:39 2019
elapsed time: 1 seconds (0d 0h 0m 1s)

